<?xml version="1.0" encoding="UTF-8"?>
<!-- Generated by org.testng.reporters.JUnitReportReporter -->
<testsuite hostname="DESKTOP-CVGL8I0" failures="0" tests="1" name="TESTEXECUTION.SigninExecutionclass" time="46.570" errors="0" timestamp="2025-05-18T22:22:48 IST" skipped="0">
  <testcase classname="TESTEXECUTION.SigninExecutionclass" name="signinpage" time="46.570"/>
</testsuite> <!-- TESTEXECUTION.SigninExecutionclass -->
