<?xml version="1.0" encoding="UTF-8"?>
<!-- Generated by org.testng.reporters.JUnitReportReporter -->
<testsuite hostname="DESKTOP-CVGL8I0" failures="0" tests="1" name="Basepackage.BaseFlow" time="69.912" errors="0" timestamp="2025-05-18T19:49:36 IST" skipped="0">
  <testcase classname="Basepackage.BaseFlow" name="launch" time="69.912"/>
</testsuite> <!-- Basepackage.BaseFlow -->
