<?xml version="1.0" encoding="UTF-8"?>
<!-- Generated by org.testng.reporters.JUnitReportReporter -->
<testsuite hostname="DESKTOP-CVGL8I0" failures="0" tests="1" name="TESTEXECUTION.SigninExecutionclass" time="10.074" errors="0" timestamp="2025-05-26T22:51:10 IST" skipped="0">
  <testcase classname="TESTEXECUTION.SigninExecutionclass" name="signinpage" time="10.074"/>
</testsuite> <!-- TESTEXECUTION.SigninExecutionclass -->
