<?xml version="1.0" encoding="UTF-8"?>
<!-- Generated by org.testng.reporters.JUnitReportReporter -->
<testsuite hostname="Active34" failures="0" tests="1" name="TESTEXECUTION.SigninExecutionclass" time="10.186" errors="0" timestamp="2025-06-02T14:44:53 IST" skipped="0">
  <testcase classname="TESTEXECUTION.SigninExecutionclass" name="signinpage" time="10.186"/>
</testsuite> <!-- TESTEXECUTION.SigninExecutionclass -->
